<?xml version="1.0" encoding="UTF-8"?>
<!-- Generated by org.testng.reporters.JUnitReportReporter -->
<testsuite hostname="VenuGopal" failures="0" tests="2" name="com.edureka.testScripts.LoginPageTest" time="24.601" errors="0" timestamp="2022-10-12T11:34:00 IST" skipped="0">
  <testcase classname="com.edureka.testScripts.LoginPageTest" name="loginTestWithoutEmailPassword" time="8.310"/>
  <system-out/>
  <testcase classname="com.edureka.testScripts.LoginPageTest" name="loginTestWithValidEmailPassword" time="16.291"/>
  <system-out/>
</testsuite> <!-- com.edureka.testScripts.LoginPageTest -->
