<?xml version="1.0" encoding="UTF-8"?>
<!-- Generated by org.testng.reporters.JUnitReportReporter -->
<testsuite hostname="VenuGopal" failures="0" tests="1" name="com.edureka.testScripts.ProfilePageTest" time="19.006" errors="0" timestamp="2022-11-02T11:14:06 IST" skipped="0">
  <testcase classname="com.edureka.testScripts.ProfilePageTest" name="validateProfilePage" time="19.006"/>
  <system-out/>
</testsuite> <!-- com.edureka.testScripts.ProfilePageTest -->
