<?xml version="1.0" encoding="UTF-8"?>
<!-- Generated by org.testng.reporters.JUnitReportReporter -->
<testsuite hostname="VenuGopal" failures="0" tests="2" name="com.edureka.testScripts.LoginPageTest" time="23.991" errors="0" timestamp="2022-11-02T11:14:06 IST" skipped="0">
  <testcase classname="com.edureka.testScripts.LoginPageTest" name="loginTestWithValidEmailPassword" time="17.111"/>
  <system-out/>
  <testcase classname="com.edureka.testScripts.LoginPageTest" name="loginTestWithoutEmailPassword" time="6.880"/>
  <system-out/>
</testsuite> <!-- com.edureka.testScripts.LoginPageTest -->
