<?xml version="1.0" encoding="UTF-8"?>
<!-- Generated by org.testng.reporters.JUnitReportReporter -->
<testsuite hostname="VenuGopal" failures="0" tests="1" name="com.edureka.testScripts.ProfilePageTest" time="23.906" errors="0" timestamp="2022-10-12T12:00:19 IST" skipped="0">
  <testcase classname="com.edureka.testScripts.ProfilePageTest" name="validateProfilePage" time="23.906"/>
  <system-out/>
</testsuite> <!-- com.edureka.testScripts.ProfilePageTest -->
